14:07:34.191 [main] INFO  - Goto my account-->Click on Login.. 
14:07:34.883 [main] INFO  - Entering email and password.. 
14:07:35.559 [main] INFO  - clicked on login button...
15:21:51.876 [main] INFO  - Goto my account-->Click on Login.. 
15:21:53.135 [main] INFO  - Entering email and password.. 
15:21:54.620 [main] INFO  - clicked on login button...
15:32:55.009 [main] INFO  - Goto my account-->Click on Login.. 
15:32:55.760 [main] INFO  - Entering email and password.. 
15:32:56.517 [main] INFO  - clicked on login button...
15:44:58.490 [main] INFO  - Goto my account-->Click on Login.. 
15:44:59.375 [main] INFO  - Entering email and password.. 
15:45:00.720 [main] INFO  - clicked on login button...
11:24:02.941 [pool-3-thread-1] INFO  - Goto my account-->Click on Login.. 
11:24:03.761 [pool-3-thread-1] INFO  - Entering email and password.. 
11:24:06.101 [pool-3-thread-1] INFO  - clicked on login button...
11:25:07.956 [main] INFO  - Goto my account-->Click on Login.. 
11:25:08.604 [main] INFO  - Entering email and password.. 
11:25:09.732 [main] INFO  - clicked on login button...
11:27:34.728 [main] INFO  - Goto my account-->Click on Login.. 
11:27:35.361 [main] INFO  - Entering email and password.. 
11:27:36.283 [main] INFO  - clicked on login button...
11:28:39.062 [pool-3-thread-1] INFO  - Goto my account-->Click on Login.. 
11:28:39.709 [pool-3-thread-1] INFO  - Entering email and password.. 
11:28:41.527 [pool-3-thread-1] INFO  - clicked on login button...
11:30:58.762 [main] INFO  - Goto my account-->Click on Login.. 
11:30:59.506 [main] INFO  - Entering email and password.. 
11:31:00.817 [main] INFO  - clicked on login button...
11:32:42.541 [main] INFO  - Goto my account-->Click on Login.. 
11:32:46.118 [main] INFO  - Entering email and password.. 
11:32:47.244 [main] INFO  - clicked on login button...
11:34:08.134 [main] INFO  - Goto my account-->Click on Login.. 
11:34:08.801 [main] INFO  - Entering email and password.. 
11:34:10.471 [main] INFO  - clicked on login button...
11:45:34.561 [main] INFO  - Goto my account-->Click on Login.. 
11:45:35.241 [main] INFO  - Entering email and password.. 
11:45:36.544 [main] INFO  - clicked on login button...
11:48:32.063 [main] INFO  - Goto my account-->Click on Login.. 
11:48:32.749 [main] INFO  - Entering email and password.. 
11:48:34.206 [main] INFO  - clicked on login button...
12:19:09.362 [main] INFO  - Goto my account-->Click on Login.. 
12:19:10.371 [main] INFO  - Entering email and password.. 
12:19:11.738 [main] INFO  - clicked on login button...
12:24:14.670 [main] INFO  - Goto my account-->Click on Login.. 
12:24:15.551 [main] INFO  - Entering email and password.. 
12:24:16.857 [main] INFO  - clicked on login button...
12:25:59.705 [main] INFO  - Goto my account-->Click on Login.. 
12:26:00.443 [main] INFO  - Entering email and password.. 
12:26:01.724 [main] INFO  - clicked on login button...
12:40:21.946 [main] INFO  - Goto my account-->Click on Login.. 
12:40:22.616 [main] INFO  - Entering email and password.. 
12:40:24.212 [main] INFO  - clicked on login button...
12:48:13.135 [main] INFO  - Goto my account-->Click on Login.. 
12:48:14.187 [main] INFO  - Entering email and password.. 
12:48:15.338 [main] INFO  - clicked on login button...
07:20:02.541 [main] INFO  - Goto my account-->Click on Login.. 
07:20:03.687 [main] INFO  - Entering email and password.. 
07:20:04.885 [main] INFO  - clicked on login button...
07:26:07.255 [main] INFO  - Goto my account-->Click on Login.. 
07:26:08.073 [main] INFO  - Entering email and password.. 
07:26:08.937 [main] INFO  - clicked on login button...
07:27:45.855 [main] INFO  - Goto my account-->Click on Login.. 
07:27:46.685 [main] INFO  - Entering email and password.. 
07:27:47.506 [main] INFO  - clicked on login button...
07:42:18.774 [main] INFO  - Goto my account-->Click on Login.. 
07:42:19.621 [main] INFO  - Entering email and password.. 
07:42:20.495 [main] INFO  - clicked on login button...
07:44:30.850 [main] INFO  - Goto my account-->Click on Login.. 
07:44:31.695 [main] INFO  - Entering email and password.. 
07:44:32.578 [main] INFO  - clicked on login button...
07:46:04.249 [main] INFO  - Goto my account-->Click on Login.. 
07:46:05.043 [main] INFO  - Entering email and password.. 
07:46:05.916 [main] INFO  - clicked on login button...
07:52:55.919 [main] INFO  - Goto my account-->Click on Login.. 
07:52:56.718 [main] INFO  - Entering email and password.. 
07:52:57.593 [main] INFO  - clicked on login button...
11:55:05.654 [main] INFO  - Goto my account-->Click on Login.. 
11:55:06.499 [main] INFO  - Entering email and password.. 
11:55:07.352 [main] INFO  - clicked on login button...
11:55:19.972 [main] INFO  - Goto my account-->Click on Login.. 
11:55:20.390 [main] INFO  - Entering email and password.. 
11:55:21.261 [main] INFO  - clicked on login button...
11:55:23.282 [main] INFO  - Goto my account-->Click on Login.. 
11:55:23.673 [main] INFO  - Entering email and password.. 
11:55:24.721 [main] INFO  - clicked on login button...
10:03:57.440 [main] INFO  - Goto my account-->Click on Login.. 
10:03:57.952 [main] INFO  - Entering email and password.. 
10:03:58.745 [main] INFO  - clicked on login button...
10:04:12.328 [main] INFO  - Goto my account-->Click on Login.. 
10:04:12.847 [main] INFO  - Entering email and password.. 
10:04:13.631 [main] INFO  - clicked on login button...
10:04:15.942 [main] INFO  - Goto my account-->Click on Login.. 
10:04:16.334 [main] INFO  - Entering email and password.. 
10:04:17.134 [main] INFO  - clicked on login button...
10:07:06.197 [main] INFO  - Goto my account-->Click on Login.. 
10:07:06.653 [main] INFO  - Entering email and password.. 
10:07:07.465 [main] INFO  - clicked on login button...
10:07:20.012 [main] INFO  - Goto my account-->Click on Login.. 
10:07:20.409 [main] INFO  - Entering email and password.. 
10:07:21.189 [main] INFO  - clicked on login button...
10:07:33.420 [main] INFO  - Goto my account-->Click on Login.. 
10:07:33.848 [main] INFO  - Entering email and password.. 
10:07:34.413 [main] INFO  - clicked on login button...
10:11:04.813 [main] INFO  - Goto my account-->Click on Login.. 
10:11:05.360 [main] INFO  - Entering email and password.. 
10:11:06.408 [main] INFO  - clicked on login button...
10:11:19.931 [main] INFO  - Goto my account-->Click on Login.. 
10:11:20.350 [main] INFO  - Entering email and password.. 
10:11:21.533 [main] INFO  - clicked on login button...
10:11:23.740 [main] INFO  - Goto my account-->Click on Login.. 
10:11:24.132 [main] INFO  - Entering email and password.. 
10:11:24.945 [main] INFO  - clicked on login button...
10:15:01.453 [main] INFO  - Goto my account-->Click on Login.. 
10:15:02.235 [main] INFO  - Entering email and password.. 
10:15:04.029 [main] INFO  - clicked on login button...
10:15:16.379 [main] INFO  - Goto my account-->Click on Login.. 
10:15:17.320 [main] INFO  - Entering email and password.. 
10:15:18.128 [main] INFO  - clicked on login button...
10:15:19.983 [main] INFO  - Goto my account-->Click on Login.. 
10:15:20.407 [main] INFO  - Entering email and password.. 
10:15:21.255 [main] INFO  - clicked on login button...
10:20:57.646 [main] INFO  - Goto my account-->Click on Login.. 
10:20:58.198 [main] INFO  - Entering email and password.. 
10:20:58.954 [main] INFO  - clicked on login button...
10:21:11.203 [main] INFO  - Goto my account-->Click on Login.. 
10:21:11.580 [main] INFO  - Entering email and password.. 
10:21:12.411 [main] INFO  - clicked on login button...
10:21:14.675 [main] INFO  - Goto my account-->Click on Login.. 
10:21:15.550 [main] INFO  - Entering email and password.. 
10:21:16.443 [main] INFO  - clicked on login button...
10:24:38.716 [main] INFO  - Goto my account-->Click on Login.. 
10:24:39.119 [main] INFO  - Entering email and password.. 
10:24:39.905 [main] INFO  - clicked on login button...
10:24:41.980 [main] INFO  - Goto my account-->Click on Login.. 
10:24:42.887 [main] INFO  - Entering email and password.. 
10:24:43.692 [main] INFO  - clicked on login button...
10:24:45.547 [main] INFO  - Goto my account-->Click on Login.. 
10:24:46.548 [main] INFO  - Entering email and password.. 
10:24:47.335 [main] INFO  - clicked on login button...
10:39:10.709 [main] INFO  - Goto my account-->Click on Login.. 
10:39:11.226 [main] INFO  - Entering email and password.. 
10:39:12.246 [main] INFO  - clicked on login button...
10:39:15.224 [main] INFO  - Goto my account-->Click on Login.. 
10:39:16.385 [main] INFO  - Entering email and password.. 
10:39:17.210 [main] INFO  - clicked on login button...
10:39:20.025 [main] INFO  - Goto my account-->Click on Login.. 
10:39:21.093 [main] INFO  - Entering email and password.. 
10:39:21.941 [main] INFO  - clicked on login button...
18:23:29.550 [main] INFO  - Goto my account-->Click on Login.. 
18:23:31.045 [main] INFO  - Entering email and password.. 
18:23:32.555 [main] INFO  - clicked on login button...
18:23:35.907 [main] INFO  - Goto my account-->Click on Login.. 
18:23:36.333 [main] INFO  - Entering email and password.. 
18:23:37.285 [main] INFO  - clicked on login button...
18:23:39.939 [main] INFO  - Goto my account-->Click on Login.. 
18:23:40.886 [main] INFO  - Entering email and password.. 
18:23:41.663 [main] INFO  - clicked on login button...
18:24:28.131 [main] INFO  - Goto my account-->Click on Login.. 
18:24:28.573 [main] INFO  - Entering email and password.. 
18:24:29.457 [main] INFO  - clicked on login button...
18:24:31.809 [main] INFO  - Goto my account-->Click on Login.. 
18:24:32.226 [main] INFO  - Entering email and password.. 
18:24:33.246 [main] INFO  - clicked on login button...
18:24:35.614 [main] INFO  - Goto my account-->Click on Login.. 
18:24:36.044 [main] INFO  - Entering email and password.. 
18:24:36.825 [main] INFO  - clicked on login button...
18:27:33.954 [main] INFO  - Goto my account-->Click on Login.. 
18:27:34.370 [main] INFO  - Entering email and password.. 
18:27:35.190 [main] INFO  - clicked on login button...
18:27:37.425 [main] INFO  - Goto my account-->Click on Login.. 
18:27:38.349 [main] INFO  - Entering email and password.. 
18:27:39.116 [main] INFO  - clicked on login button...
18:27:41.168 [main] INFO  - Goto my account-->Click on Login.. 
18:27:42.052 [main] INFO  - Entering email and password.. 
18:27:42.904 [main] INFO  - clicked on login button...
